#-----------------------------------------------------------
# Vivado v2020.2 (64-bit)
# SW Build 3064766 on Wed Nov 18 09:12:45 MST 2020
# IP Build 3064653 on Wed Nov 18 14:17:31 MST 2020
# Start of session at: Mon May 10 23:19:13 2021
# Process ID: 12760
# Current directory: C:/Users/new/Desktop/Proyectos VHDL/UsoDeSenales
# Command line: vivado.exe -gui_launcher_event rodinguilauncherevent8960 C:\Users\new\Desktop\Proyectos VHDL\UsoDeSenales\UsoDeSenales.xpr
# Log file: C:/Users/new/Desktop/Proyectos VHDL/UsoDeSenales/vivado.log
# Journal file: C:/Users/new/Desktop/Proyectos VHDL/UsoDeSenales\vivado.jou
#-----------------------------------------------------------
start_gui
open_project {C:/Users/new/Desktop/Proyectos VHDL/UsoDeSenales/UsoDeSenales.xpr}
WARNING: [filemgmt 56-3] Default IP Output Path : Could not find the directory 'C:/Users/new/Desktop/Proyectos VHDL/UsoDeSenales/UsoDeSenales.gen/sources_1'.
Scanning sources...
Finished scanning sources
INFO: [IP_Flow 19-234] Refreshing IP repositories
INFO: [IP_Flow 19-1704] No user IP repositories specified
INFO: [Common 17-41] Interrupt caught. Command should exit soon.
INFO: [IP_Flow 19-2313] Loaded Vivado IP repository 'C:/Xilinx/Vivado/2020.2/data/ip'.
INFO: [IP_Flow 19-2338] Canceling the changes to the IP catalog. Reverting the caexit
INFO: [Common 17-206] Exiting Vivado at Tue May 11 00:02:41 2021...
has been returned to its previous state.
INFO: [Common 17-344] 'open_project' was cancelled
exit
INFO: [Common 17-206] Exiting Vivado at Mon May 10 23:20:50 2021...
